2025-12-11 01:27:48 - modular_project - INFO - --- Система логування успішно ініціалізована ---
2025-12-11 01:27:48 - modular_project - INFO - Ініціалізація Verbalizer на пристрої: cuda
2025-12-11 01:27:52 - modular_project - INFO - ✅ Verbalizer успішно ініціалізовано
2025-12-11 01:27:55 - modular_project - INFO - ✅ TTS моделі успішно завантажені
2025-12-11 01:27:55 - modular_project - INFO - ✅ Обгортка вербалізації ініціалізована
2025-12-11 01:27:57 - modular_project - INFO - ✅ Головний інтерфейс зареєстровано в GUI менеджері
2025-12-11 01:27:57 - modular_project - INFO - ✅ Дія для запуску головного інтерфейсу зареєстрована
2025-12-11 01:27:57 - modular_project - INFO - ✅ Головний Gradio інтерфейс ініціалізовано
2025-12-11 01:27:57 - modular_project - INFO - Ініціалізація TTSEngine завершена
2025-12-11 01:27:57 - modular_project - INFO - Gradio UI модуль успішно ініціалізовано
2025-12-11 01:27:57 - modular_project - INFO - 🔊 Ініціалізація обробника SFX...
2025-12-11 01:27:57 - modular_project - INFO - ✅ SFX Handler готовий. Доступно ефектів: 21
2025-12-11 01:27:57 - modular_project - INFO - 📝 Ініціалізація парсера діалогів...
2025-12-11 01:27:57 - modular_project - INFO - ✅ Dialog Parser готовий
2025-12-11 01:27:57 - modular_project - INFO - 🎨 Ініціалізація розширеного UI ядра...
2025-12-11 01:27:57 - modular_project - INFO - ✅ Всі необхідні компоненти доступні
2025-12-11 01:27:57 - modular_project - INFO - 🛠️  Імпорт UI компонентів...
2025-12-11 01:27:57 - modular_project - INFO - ✅ UI компоненти успішно імпортовано
2025-12-11 01:27:57 - modular_project - INFO - 🛠️  Збірка розширеного інтерфейсу...
2025-12-11 01:27:57 - modular_project - INFO - 🛠️  Побудова інтерфейсу розширеного UI...
2025-12-11 01:27:57 - modular_project - ERROR - Помилка збірки інтерфейсу: 'TTSEngine' object has no attribute 'get_available_voices'
2025-12-11 01:27:57 - modular_project - INFO - Створення fallback інтерфейсу...
2025-12-11 01:27:57 - modular_project - INFO - ✅ Розширений UI зареєстровано в GUI менеджері
2025-12-11 01:27:57 - modular_project - INFO - ✅ Дія для запуску розширеного UI зареєстрована
2025-12-11 01:27:57 - modular_project - INFO - ✅ Розширений UI ядро успішно ініціалізовано
2025-12-11 01:27:57 - modular_project - INFO - 🎨 Ініціалізація розширеного Gradio UI...
2025-12-11 01:27:57 - modular_project - ERROR - Помилка ініціалізації UI: 'TTSEngine' object has no attribute 'get_available_voices'
2025-12-11 01:27:57 - modular_project - INFO - 📊 Ініціалізація модуля інформації про проект...
2025-12-11 01:27:57 - modular_project - INFO - ✅ Інформація про проект зібрана та збережена
2025-12-11 01:27:57 - modular_project - INFO - 🤖 Ініціалізація AI Helper (покращення документації для ШІ)...
2025-12-11 01:27:57 - modular_project - INFO - ✅ AI Helper успішно ініціалізовано
2025-12-11 01:32:13 - modular_project - INFO - --- Система логування успішно ініціалізована ---
2025-12-11 01:32:13 - modular_project - INFO - Ініціалізація Verbalizer на пристрої: cuda
2025-12-11 01:32:17 - modular_project - INFO - ✅ Verbalizer успішно ініціалізовано
2025-12-11 01:32:20 - modular_project - INFO - ✅ TTS моделі успішно завантажені
2025-12-11 01:32:20 - modular_project - INFO - ✅ Обгортка вербалізації ініціалізована
2025-12-11 01:32:22 - modular_project - INFO - ✅ Головний інтерфейс зареєстровано в GUI менеджері
2025-12-11 01:32:22 - modular_project - INFO - ✅ Дія для запуску головного інтерфейсу зареєстрована
2025-12-11 01:32:22 - modular_project - INFO - ✅ Головний Gradio інтерфейс ініціалізовано
2025-12-11 01:32:22 - modular_project - INFO - Ініціалізація TTSEngine завершена
2025-12-11 01:32:22 - modular_project - INFO - Gradio UI модуль успішно ініціалізовано
2025-12-11 01:32:22 - modular_project - INFO - 🔊 Ініціалізація обробника SFX...
2025-12-11 01:32:22 - modular_project - INFO - ✅ SFX Handler готовий. Доступно ефектів: 21
2025-12-11 01:32:22 - modular_project - INFO - 📝 Ініціалізація парсера діалогів...
2025-12-11 01:32:22 - modular_project - INFO - ✅ Dialog Parser готовий
2025-12-11 01:32:22 - modular_project - INFO - 🎨 Ініціалізація розширеного UI ядра...
2025-12-11 01:32:22 - modular_project - INFO - ✅ Всі необхідні компоненти доступні
2025-12-11 01:32:22 - modular_project - INFO - 🛠️  Імпорт UI компонентів...
2025-12-11 01:32:22 - modular_project - INFO - ✅ UI компоненти успішно імпортовано
2025-12-11 01:32:22 - modular_project - INFO - 🛠️  Збірка розширеного інтерфейсу...
2025-12-11 01:32:22 - modular_project - INFO - 🛠️  Побудова інтерфейсу розширеного UI...
2025-12-11 01:32:22 - modular_project - INFO - 📊 UI з голосами: 39, SFX: 21
2025-12-11 01:32:22 - modular_project - INFO - ✅ Інтерфейс побудовано успішно
2025-12-11 01:32:22 - modular_project - INFO - ✅ Розширений UI зареєстровано в GUI менеджері
2025-12-11 01:32:22 - modular_project - INFO - ✅ Дія для запуску розширеного UI зареєстрована
2025-12-11 01:32:22 - modular_project - INFO - ✅ Розширений UI ядро успішно ініціалізовано
2025-12-11 01:32:22 - modular_project - INFO - 🎨 Ініціалізація розширеного Gradio UI...
2025-12-11 01:32:22 - modular_project - INFO - 📊 Розширений UI з голосами: 39, SFX: 21
2025-12-11 01:32:22 - modular_project - ERROR - Помилка ініціалізації UI: Base.set() got an unexpected keyword argument 'radio_background_color'
2025-12-11 01:32:22 - modular_project - INFO - 📊 Ініціалізація модуля інформації про проект...
2025-12-11 01:32:22 - modular_project - INFO - ✅ Інформація про проект зібрана та збережена
2025-12-11 01:32:22 - modular_project - INFO - 🤖 Ініціалізація AI Helper (покращення документації для ШІ)...
2025-12-11 01:32:22 - modular_project - INFO - ✅ AI Helper успішно ініціалізовано
2025-12-11 01:32:45 - modular_project - INFO - Отримано 64 аргументів: speeds=30, voices=30
2025-12-11 01:32:45 - modular_project - INFO - Парсено 1 подій для синтезу
2025-12-11 01:32:45 - modular_project - INFO - Синтез: 48 символів, спікер: 1, швидкість: 0.88, голос: 000_00+22+05
2025-12-11 01:32:47 - modular_project - INFO - ✅ Частина 1 збережена: d:\TTS\styletts2-ukrainian\007_universal\output_audio\session_1765409542\part_001.wav
2025-12-11 01:32:47 - modular_project - INFO - ✅ Синтез завершено за 2 сек
2025-12-11 01:34:10 - modular_project - INFO - Отримано 64 аргументів: speeds=30, voices=30
2025-12-11 01:34:10 - modular_project - INFO - Парсено 1 подій для синтезу
2025-12-11 01:34:10 - modular_project - INFO - Синтез: 48 символів, спікер: 1, швидкість: 0.88, голос: 05_Влада Муравець + (дуже мелодійний дзвінкий голос з дуже тихим придихом)
2025-12-11 01:34:12 - modular_project - INFO - ✅ Частина 1 збережена: d:\TTS\styletts2-ukrainian\007_universal\output_audio\session_1765409542\part_001.wav
2025-12-11 01:34:12 - modular_project - INFO - ✅ Синтез завершено за 1 сек
2025-12-11 01:34:46 - modular_project - INFO - ✅ Налаштування експортовані: d:\TTS\styletts2-ukrainian\007_universal\output_audio\session_1765409542\settings_20251211_013446.txt
2025-12-11 01:36:53 - modular_project - INFO - Отримано 64 аргументів: speeds=30, voices=30
2025-12-11 01:36:53 - modular_project - INFO - Парсено 1 подій для синтезу
2025-12-11 01:36:53 - modular_project - INFO - Синтез: 48 символів, спікер: 1, швидкість: 0.88, голос: 05_Влада Муравець + (дуже мелодійний дзвінкий голос з дуже тихим придихом)
2025-12-11 01:36:55 - modular_project - INFO - ✅ Частина 1 збережена: d:\TTS\styletts2-ukrainian\007_universal\output_audio\session_1765409542\part_001.wav
2025-12-11 01:36:55 - modular_project - INFO - ✅ Синтез завершено за 1 сек
2025-12-11 01:37:53 - modular_project - INFO - Отримано 64 аргументів: speeds=30, voices=30
2025-12-11 01:37:53 - modular_project - INFO - Парсено 3 подій для синтезу
2025-12-11 01:37:53 - modular_project - INFO - Синтез: 18 символів, спікер: 1, швидкість: 0.88, голос: 05_Влада Муравець + (дуже мелодійний дзвінкий голос з дуже тихим придихом)
2025-12-11 01:37:55 - modular_project - INFO - ✅ Частина 1 збережена: d:\TTS\styletts2-ukrainian\007_universal\output_audio\session_1765409542\part_001.wav
2025-12-11 01:37:55 - modular_project - INFO - Синтез: 14 символів, спікер: 2, швидкість: 1.2, голос: 000_00+22+05
2025-12-11 01:37:56 - modular_project - INFO - ✅ Частина 2 збережена: d:\TTS\styletts2-ukrainian\007_universal\output_audio\session_1765409542\part_002.wav
2025-12-11 01:37:56 - modular_project - INFO - Синтез: 13 символів, спікер: 1, швидкість: 0.95, голос: 05_Влада Муравець + (дуже мелодійний дзвінкий голос з дуже тихим придихом)
2025-12-11 01:37:58 - modular_project - INFO - ✅ Частина 3 збережена: d:\TTS\styletts2-ukrainian\007_universal\output_audio\session_1765409542\part_003.wav
2025-12-11 01:37:58 - modular_project - INFO - ✅ Синтез завершено за 4 сек
2025-12-11 19:03:33 - modular_project - INFO - --- Система логування успішно ініціалізована ---
2025-12-11 19:03:33 - modular_project - INFO - Ініціалізація Verbalizer на пристрої: cuda
2025-12-11 19:03:39 - modular_project - INFO - ✅ Verbalizer успішно ініціалізовано
2025-12-11 19:03:43 - modular_project - INFO - ✅ TTS моделі успішно завантажені
2025-12-11 19:03:43 - modular_project - INFO - ✅ Обгортка вербалізації ініціалізована
2025-12-11 19:03:44 - modular_project - INFO - ✅ Головний інтерфейс зареєстровано в GUI менеджері
2025-12-11 19:03:44 - modular_project - INFO - ✅ Дія для запуску головного інтерфейсу зареєстрована
2025-12-11 19:03:44 - modular_project - INFO - ✅ Головний Gradio інтерфейс ініціалізовано
2025-12-11 19:03:44 - modular_project - INFO - Ініціалізація TTSEngine завершена
2025-12-11 19:03:44 - modular_project - INFO - Gradio UI модуль успішно ініціалізовано
2025-12-11 19:03:44 - modular_project - INFO - 🔊 Ініціалізація обробника SFX...
2025-12-11 19:03:44 - modular_project - INFO - ✅ SFX Handler готовий. Доступно ефектів: 21
2025-12-11 19:03:44 - modular_project - INFO - 📝 Ініціалізація парсера діалогів...
2025-12-11 19:03:45 - modular_project - INFO - ✅ Dialog Parser готовий
2025-12-11 19:03:45 - modular_project - INFO - 🎨 Ініціалізація розширеного UI ядра...
2025-12-11 19:03:45 - modular_project - INFO - ✅ Всі необхідні компоненти доступні
2025-12-11 19:03:45 - modular_project - INFO - 🛠️  Імпорт UI компонентів...
2025-12-11 19:03:45 - modular_project - INFO - ✅ UI компоненти успішно імпортовано
2025-12-11 19:03:45 - modular_project - INFO - 🛠️  Збірка розширеного інтерфейсу...
2025-12-11 19:03:45 - modular_project - INFO - 🛠️  Побудова інтерфейсу розширеного UI...
2025-12-11 19:03:45 - modular_project - INFO - 📊 UI з голосами: 39, SFX: 21
2025-12-11 19:03:45 - modular_project - INFO - ✅ Інтерфейс побудовано успішно
2025-12-11 19:03:45 - modular_project - INFO - ✅ Розширений UI зареєстровано в GUI менеджері
2025-12-11 19:03:45 - modular_project - INFO - ✅ Дія для запуску розширеного UI зареєстрована
2025-12-11 19:03:45 - modular_project - INFO - ✅ Розширений UI ядро успішно ініціалізовано
2025-12-11 19:03:45 - modular_project - INFO - 🎨 Ініціалізація розширеного Gradio UI...
2025-12-11 19:03:45 - modular_project - INFO - 📊 Розширений UI з голосами: 39, SFX: 21
2025-12-11 19:03:45 - modular_project - ERROR - Помилка ініціалізації UI: Base.set() got an unexpected keyword argument 'radio_background_color'
2025-12-11 19:03:45 - modular_project - INFO - 📊 Ініціалізація модуля інформації про проект...
2025-12-11 19:03:45 - modular_project - INFO - ✅ Інформація про проект зібрана та збережена
2025-12-11 19:03:45 - modular_project - INFO - 🤖 Ініціалізація AI Helper (покращення документації для ШІ)...
2025-12-11 19:03:45 - modular_project - INFO - ✅ AI Helper успішно ініціалізовано
2025-12-11 19:13:38 - modular_project - INFO - --- Система логування успішно ініціалізована ---
2025-12-11 19:13:38 - modular_project - INFO - Ініціалізація Verbalizer на пристрої: cuda
2025-12-11 19:13:43 - modular_project - INFO - ✅ Verbalizer успішно ініціалізовано
2025-12-11 19:13:46 - modular_project - INFO - ✅ TTS моделі успішно завантажені
2025-12-11 19:13:46 - modular_project - INFO - ✅ Обгортка вербалізації ініціалізована
2025-12-11 19:13:47 - modular_project - INFO - ✅ Головний інтерфейс зареєстровано в GUI менеджері
2025-12-11 19:13:47 - modular_project - INFO - ✅ Дія для запуску головного інтерфейсу зареєстрована
2025-12-11 19:13:47 - modular_project - INFO - ✅ Головний Gradio інтерфейс ініціалізовано
2025-12-11 19:13:47 - modular_project - INFO - Ініціалізація TTSEngine завершена
2025-12-11 19:13:47 - modular_project - INFO - Gradio UI модуль успішно ініціалізовано
2025-12-11 19:13:47 - modular_project - INFO - 🔊 Ініціалізація обробника SFX...
2025-12-11 19:13:47 - modular_project - INFO - ✅ SFX Handler готовий. Доступно ефектів: 21
2025-12-11 19:13:47 - modular_project - INFO - 📝 Ініціалізація парсера діалогів...
2025-12-11 19:13:48 - modular_project - INFO - ✅ Dialog Parser готовий
2025-12-11 19:13:48 - modular_project - INFO - 🎨 Ініціалізація розширеного UI ядра...
2025-12-11 19:13:48 - modular_project - INFO - ✅ Всі необхідні компоненти доступні
2025-12-11 19:13:48 - modular_project - INFO - 🛠️  Імпорт UI компонентів...
2025-12-11 19:13:48 - modular_project - INFO - ✅ UI компоненти успішно імпортовано
2025-12-11 19:13:48 - modular_project - INFO - 🛠️  Збірка розширеного інтерфейсу...
2025-12-11 19:13:48 - modular_project - INFO - 🛠️  Побудова інтерфейсу розширеного UI...
2025-12-11 19:13:48 - modular_project - INFO - 📊 UI з голосами: 39, SFX: 21
2025-12-11 19:13:48 - modular_project - INFO - ✅ Інтерфейс побудовано успішно
2025-12-11 19:13:48 - modular_project - INFO - ✅ Розширений UI зареєстровано в GUI менеджері
2025-12-11 19:13:48 - modular_project - INFO - ✅ Дія для запуску розширеного UI зареєстрована
2025-12-11 19:13:48 - modular_project - INFO - ✅ Розширений UI ядро успішно ініціалізовано
2025-12-11 19:13:48 - modular_project - INFO - 🎨 Ініціалізація розширеного Gradio UI...
2025-12-11 19:13:48 - modular_project - INFO - 📊 Розширений UI з голосами: 39, SFX: 21
2025-12-11 19:13:48 - modular_project - ERROR - Помилка ініціалізації UI: Base.set() got an unexpected keyword argument 'radio_background_color'
2025-12-11 19:13:48 - modular_project - INFO - 📊 Ініціалізація модуля інформації про проект...
2025-12-11 19:13:48 - modular_project - INFO - ✅ Інформація про проект зібрана та збережена
2025-12-11 19:13:48 - modular_project - INFO - 🤖 Ініціалізація AI Helper (покращення документації для ШІ)...
2025-12-11 19:13:48 - modular_project - INFO - ✅ AI Helper успішно ініціалізовано
2025-12-11 19:23:20 - modular_project - INFO - --- Система логування успішно ініціалізована ---
2025-12-11 19:23:20 - modular_project - INFO - Ініціалізація Verbalizer на пристрої: cuda
2025-12-11 19:23:25 - modular_project - INFO - ✅ Verbalizer успішно ініціалізовано
2025-12-11 19:23:28 - modular_project - INFO - ✅ TTS моделі успішно завантажені
2025-12-11 19:23:28 - modular_project - INFO - ✅ Обгортка вербалізації ініціалізована
2025-12-11 19:23:29 - modular_project - INFO - ✅ Головний інтерфейс зареєстровано в GUI менеджері
2025-12-11 19:23:29 - modular_project - INFO - ✅ Дія для запуску головного інтерфейсу зареєстрована
2025-12-11 19:23:29 - modular_project - INFO - ✅ Головний Gradio інтерфейс ініціалізовано
2025-12-11 19:23:29 - modular_project - INFO - Ініціалізація TTSEngine завершена
2025-12-11 19:23:29 - modular_project - INFO - Gradio UI модуль успішно ініціалізовано
2025-12-11 19:23:29 - modular_project - INFO - 🔊 Ініціалізація обробника SFX...
2025-12-11 19:23:29 - modular_project - INFO - ✅ SFX Handler готовий. Доступно ефектів: 21
2025-12-11 19:23:29 - modular_project - INFO - 📝 Ініціалізація парсера діалогів...
2025-12-11 19:23:30 - modular_project - INFO - ✅ Dialog Parser готовий
2025-12-11 19:23:30 - modular_project - INFO - 🎨 Ініціалізація розширеного UI ядра...
2025-12-11 19:23:30 - modular_project - INFO - ✅ Всі необхідні компоненти доступні
2025-12-11 19:23:30 - modular_project - INFO - 🛠️  Імпорт UI компонентів...
2025-12-11 19:23:30 - modular_project - INFO - ✅ UI компоненти успішно імпортовано
2025-12-11 19:23:30 - modular_project - INFO - 🛠️  Збірка розширеного інтерфейсу...
2025-12-11 19:23:30 - modular_project - INFO - 🛠️  Побудова інтерфейсу розширеного UI...
2025-12-11 19:23:30 - modular_project - INFO - 📊 UI з голосами: 39, SFX: 21
2025-12-11 19:23:30 - modular_project - INFO - ✅ Інтерфейс побудовано успішно
2025-12-11 19:23:30 - modular_project - INFO - ✅ Розширений UI зареєстровано в GUI менеджері
2025-12-11 19:23:30 - modular_project - INFO - ✅ Дія для запуску розширеного UI зареєстрована
2025-12-11 19:23:30 - modular_project - INFO - ✅ Розширений UI ядро успішно ініціалізовано
2025-12-11 19:23:30 - modular_project - INFO - 🎨 Ініціалізація розширеного Gradio UI...
2025-12-11 19:23:30 - modular_project - INFO - 📊 Розширений UI з голосами: 39, SFX: 21
2025-12-11 19:23:30 - modular_project - ERROR - Помилка ініціалізації UI: Base.set() got an unexpected keyword argument 'radio_background_color'
2025-12-11 19:23:30 - modular_project - INFO - 📊 Ініціалізація модуля інформації про проект...
2025-12-11 19:23:30 - modular_project - INFO - ✅ Інформація про проект зібрана та збережена
2025-12-11 19:23:30 - modular_project - INFO - 🤖 Ініціалізація AI Helper (покращення документації для ШІ)...
2025-12-11 19:23:30 - modular_project - INFO - ✅ AI Helper успішно ініціалізовано
